2013/01/13 05:46:24 [error] [exception.CHttpException.404] exception 'CHttpException' with message 'Неможливо обробити запит "assets/lib/bootstrap/less/mixins.less".' in D:\Sites\home\localhost\www\abiturient\framework\web\CWebApplication.php:287
Stack trace:
#0 D:\Sites\home\localhost\www\abiturient\framework\web\CWebApplication.php(142): CWebApplication->runController('assets/lib/boot...')
#1 D:\Sites\home\localhost\www\abiturient\framework\base\CApplication.php(162): CWebApplication->processRequest()
#2 D:\Sites\home\localhost\www\abiturient\index.php(12): CApplication->run()
#3 {main}
REQUEST_URI=/abiturient/assets/lib/bootstrap/less/mixins.less
HTTP_REFERER=http://localhost/abiturient/person/2
---
2013/01/13 05:46:27 [error] [exception.CHttpException.404] exception 'CHttpException' with message 'Неможливо обробити запит "assets/lib/bootstrap/less/mixins.less".' in D:\Sites\home\localhost\www\abiturient\framework\web\CWebApplication.php:287
Stack trace:
#0 D:\Sites\home\localhost\www\abiturient\framework\web\CWebApplication.php(142): CWebApplication->runController('assets/lib/boot...')
#1 D:\Sites\home\localhost\www\abiturient\framework\base\CApplication.php(162): CWebApplication->processRequest()
#2 D:\Sites\home\localhost\www\abiturient\index.php(12): CApplication->run()
#3 {main}
REQUEST_URI=/abiturient/assets/lib/bootstrap/less/mixins.less
HTTP_REFERER=http://localhost/abiturient/person/admin
---
2013/01/13 05:46:30 [error] [exception.CHttpException.404] exception 'CHttpException' with message 'Неможливо обробити запит "assets/lib/bootstrap/less/mixins.less".' in D:\Sites\home\localhost\www\abiturient\framework\web\CWebApplication.php:287
Stack trace:
#0 D:\Sites\home\localhost\www\abiturient\framework\web\CWebApplication.php(142): CWebApplication->runController('assets/lib/boot...')
#1 D:\Sites\home\localhost\www\abiturient\framework\base\CApplication.php(162): CWebApplication->processRequest()
#2 D:\Sites\home\localhost\www\abiturient\index.php(12): CApplication->run()
#3 {main}
REQUEST_URI=/abiturient/assets/lib/bootstrap/less/mixins.less
HTTP_REFERER=http://localhost/abiturient/person/update/2
---
2013/01/13 05:46:40 [error] [exception.CHttpException.404] exception 'CHttpException' with message 'Неможливо обробити запит "assets/lib/bootstrap/less/mixins.less".' in D:\Sites\home\localhost\www\abiturient\framework\web\CWebApplication.php:287
Stack trace:
#0 D:\Sites\home\localhost\www\abiturient\framework\web\CWebApplication.php(142): CWebApplication->runController('assets/lib/boot...')
#1 D:\Sites\home\localhost\www\abiturient\framework\base\CApplication.php(162): CWebApplication->processRequest()
#2 D:\Sites\home\localhost\www\abiturient\index.php(12): CApplication->run()
#3 {main}
REQUEST_URI=/abiturient/assets/lib/bootstrap/less/mixins.less
HTTP_REFERER=http://localhost/abiturient/person/2
---
2013/01/13 05:48:42 [error] [exception.CHttpException.404] exception 'CHttpException' with message 'Неможливо обробити запит "assets/lib/bootstrap/less/mixins.less".' in D:\Sites\home\localhost\www\abiturient\framework\web\CWebApplication.php:287
Stack trace:
#0 D:\Sites\home\localhost\www\abiturient\framework\web\CWebApplication.php(142): CWebApplication->runController('assets/lib/boot...')
#1 D:\Sites\home\localhost\www\abiturient\framework\base\CApplication.php(162): CWebApplication->processRequest()
#2 D:\Sites\home\localhost\www\abiturient\index.php(12): CApplication->run()
#3 {main}
REQUEST_URI=/abiturient/assets/lib/bootstrap/less/mixins.less
HTTP_REFERER=http://localhost/abiturient/person/admin
---
2013/01/13 05:48:44 [error] [exception.CHttpException.404] exception 'CHttpException' with message 'Неможливо обробити запит "assets/lib/bootstrap/less/mixins.less".' in D:\Sites\home\localhost\www\abiturient\framework\web\CWebApplication.php:287
Stack trace:
#0 D:\Sites\home\localhost\www\abiturient\framework\web\CWebApplication.php(142): CWebApplication->runController('assets/lib/boot...')
#1 D:\Sites\home\localhost\www\abiturient\framework\base\CApplication.php(162): CWebApplication->processRequest()
#2 D:\Sites\home\localhost\www\abiturient\index.php(12): CApplication->run()
#3 {main}
REQUEST_URI=/abiturient/assets/lib/bootstrap/less/mixins.less
HTTP_REFERER=http://localhost/abiturient/person/update/2
---
2013/01/13 05:49:33 [error] [exception.CHttpException.404] exception 'CHttpException' with message 'Неможливо обробити запит "assets/lib/bootstrap/less/mixins.less".' in D:\Sites\home\localhost\www\abiturient\framework\web\CWebApplication.php:287
Stack trace:
#0 D:\Sites\home\localhost\www\abiturient\framework\web\CWebApplication.php(142): CWebApplication->runController('assets/lib/boot...')
#1 D:\Sites\home\localhost\www\abiturient\framework\base\CApplication.php(162): CWebApplication->processRequest()
#2 D:\Sites\home\localhost\www\abiturient\index.php(12): CApplication->run()
#3 {main}
REQUEST_URI=/abiturient/assets/lib/bootstrap/less/mixins.less
HTTP_REFERER=http://localhost/abiturient/person/update/2
---
2013/01/13 05:49:51 [error] [exception.CHttpException.404] exception 'CHttpException' with message 'Неможливо обробити запит "assets/lib/bootstrap/less/mixins.less".' in D:\Sites\home\localhost\www\abiturient\framework\web\CWebApplication.php:287
Stack trace:
#0 D:\Sites\home\localhost\www\abiturient\framework\web\CWebApplication.php(142): CWebApplication->runController('assets/lib/boot...')
#1 D:\Sites\home\localhost\www\abiturient\framework\base\CApplication.php(162): CWebApplication->processRequest()
#2 D:\Sites\home\localhost\www\abiturient\index.php(12): CApplication->run()
#3 {main}
REQUEST_URI=/abiturient/assets/lib/bootstrap/less/mixins.less
HTTP_REFERER=http://localhost/abiturient/person/2
---
2013/01/13 05:49:55 [error] [exception.CHttpException.404] exception 'CHttpException' with message 'Неможливо обробити запит "assets/lib/bootstrap/less/mixins.less".' in D:\Sites\home\localhost\www\abiturient\framework\web\CWebApplication.php:287
Stack trace:
#0 D:\Sites\home\localhost\www\abiturient\framework\web\CWebApplication.php(142): CWebApplication->runController('assets/lib/boot...')
#1 D:\Sites\home\localhost\www\abiturient\framework\base\CApplication.php(162): CWebApplication->processRequest()
#2 D:\Sites\home\localhost\www\abiturient\index.php(12): CApplication->run()
#3 {main}
REQUEST_URI=/abiturient/assets/lib/bootstrap/less/mixins.less
HTTP_REFERER=http://localhost/abiturient/person/admin
---
2013/01/13 05:49:59 [error] [exception.CHttpException.404] exception 'CHttpException' with message 'Неможливо обробити запит "assets/lib/bootstrap/less/mixins.less".' in D:\Sites\home\localhost\www\abiturient\framework\web\CWebApplication.php:287
Stack trace:
#0 D:\Sites\home\localhost\www\abiturient\framework\web\CWebApplication.php(142): CWebApplication->runController('assets/lib/boot...')
#1 D:\Sites\home\localhost\www\abiturient\framework\base\CApplication.php(162): CWebApplication->processRequest()
#2 D:\Sites\home\localhost\www\abiturient\index.php(12): CApplication->run()
#3 {main}
REQUEST_URI=/abiturient/assets/lib/bootstrap/less/mixins.less
HTTP_REFERER=http://localhost/abiturient/person/update/2
---
2013/01/13 05:50:22 [error] [exception.CHttpException.404] exception 'CHttpException' with message 'Неможливо обробити запит "assets/lib/bootstrap/less/mixins.less".' in D:\Sites\home\localhost\www\abiturient\framework\web\CWebApplication.php:287
Stack trace:
#0 D:\Sites\home\localhost\www\abiturient\framework\web\CWebApplication.php(142): CWebApplication->runController('assets/lib/boot...')
#1 D:\Sites\home\localhost\www\abiturient\framework\base\CApplication.php(162): CWebApplication->processRequest()
#2 D:\Sites\home\localhost\www\abiturient\index.php(12): CApplication->run()
#3 {main}
REQUEST_URI=/abiturient/assets/lib/bootstrap/less/mixins.less
HTTP_REFERER=http://localhost/abiturient/person/2
---
2013/01/13 05:50:24 [error] [exception.CHttpException.404] exception 'CHttpException' with message 'Неможливо обробити запит "assets/lib/bootstrap/less/mixins.less".' in D:\Sites\home\localhost\www\abiturient\framework\web\CWebApplication.php:287
Stack trace:
#0 D:\Sites\home\localhost\www\abiturient\framework\web\CWebApplication.php(142): CWebApplication->runController('assets/lib/boot...')
#1 D:\Sites\home\localhost\www\abiturient\framework\base\CApplication.php(162): CWebApplication->processRequest()
#2 D:\Sites\home\localhost\www\abiturient\index.php(12): CApplication->run()
#3 {main}
REQUEST_URI=/abiturient/assets/lib/bootstrap/less/mixins.less
HTTP_REFERER=http://localhost/abiturient/person/admin
---
2013/01/13 05:50:27 [error] [exception.CHttpException.404] exception 'CHttpException' with message 'Неможливо обробити запит "assets/lib/bootstrap/less/mixins.less".' in D:\Sites\home\localhost\www\abiturient\framework\web\CWebApplication.php:287
Stack trace:
#0 D:\Sites\home\localhost\www\abiturient\framework\web\CWebApplication.php(142): CWebApplication->runController('assets/lib/boot...')
#1 D:\Sites\home\localhost\www\abiturient\framework\base\CApplication.php(162): CWebApplication->processRequest()
#2 D:\Sites\home\localhost\www\abiturient\index.php(12): CApplication->run()
#3 {main}
REQUEST_URI=/abiturient/assets/lib/bootstrap/less/mixins.less
HTTP_REFERER=http://localhost/abiturient/person/update/2
---
2013/01/13 05:50:40 [error] [exception.CHttpException.404] exception 'CHttpException' with message 'Неможливо обробити запит "assets/lib/bootstrap/less/mixins.less".' in D:\Sites\home\localhost\www\abiturient\framework\web\CWebApplication.php:287
Stack trace:
#0 D:\Sites\home\localhost\www\abiturient\framework\web\CWebApplication.php(142): CWebApplication->runController('assets/lib/boot...')
#1 D:\Sites\home\localhost\www\abiturient\framework\base\CApplication.php(162): CWebApplication->processRequest()
#2 D:\Sites\home\localhost\www\abiturient\index.php(12): CApplication->run()
#3 {main}
REQUEST_URI=/abiturient/assets/lib/bootstrap/less/mixins.less
HTTP_REFERER=http://localhost/abiturient/person/2
---
2013/01/13 05:50:42 [error] [exception.CHttpException.404] exception 'CHttpException' with message 'Неможливо обробити запит "assets/lib/bootstrap/less/mixins.less".' in D:\Sites\home\localhost\www\abiturient\framework\web\CWebApplication.php:287
Stack trace:
#0 D:\Sites\home\localhost\www\abiturient\framework\web\CWebApplication.php(142): CWebApplication->runController('assets/lib/boot...')
#1 D:\Sites\home\localhost\www\abiturient\framework\base\CApplication.php(162): CWebApplication->processRequest()
#2 D:\Sites\home\localhost\www\abiturient\index.php(12): CApplication->run()
#3 {main}
REQUEST_URI=/abiturient/assets/lib/bootstrap/less/mixins.less
HTTP_REFERER=http://localhost/abiturient/person/admin
---
2013/01/13 05:50:44 [error] [exception.CHttpException.404] exception 'CHttpException' with message 'Неможливо обробити запит "assets/lib/bootstrap/less/mixins.less".' in D:\Sites\home\localhost\www\abiturient\framework\web\CWebApplication.php:287
Stack trace:
#0 D:\Sites\home\localhost\www\abiturient\framework\web\CWebApplication.php(142): CWebApplication->runController('assets/lib/boot...')
#1 D:\Sites\home\localhost\www\abiturient\framework\base\CApplication.php(162): CWebApplication->processRequest()
#2 D:\Sites\home\localhost\www\abiturient\index.php(12): CApplication->run()
#3 {main}
REQUEST_URI=/abiturient/assets/lib/bootstrap/less/mixins.less
HTTP_REFERER=http://localhost/abiturient/person/update/2
---
2013/01/13 05:57:32 [error] [exception.CHttpException.404] exception 'CHttpException' with message 'Неможливо обробити запит "assets/lib/bootstrap/less/mixins.less".' in D:\Sites\home\localhost\www\abiturient\framework\web\CWebApplication.php:287
Stack trace:
#0 D:\Sites\home\localhost\www\abiturient\framework\web\CWebApplication.php(142): CWebApplication->runController('assets/lib/boot...')
#1 D:\Sites\home\localhost\www\abiturient\framework\base\CApplication.php(162): CWebApplication->processRequest()
#2 D:\Sites\home\localhost\www\abiturient\index.php(12): CApplication->run()
#3 {main}
REQUEST_URI=/abiturient/assets/lib/bootstrap/less/mixins.less
HTTP_REFERER=http://localhost/abiturient/person/update/2
---
2013/01/13 05:58:06 [error] [exception.CHttpException.404] exception 'CHttpException' with message 'Неможливо обробити запит "assets/lib/bootstrap/less/mixins.less".' in D:\Sites\home\localhost\www\abiturient\framework\web\CWebApplication.php:287
Stack trace:
#0 D:\Sites\home\localhost\www\abiturient\framework\web\CWebApplication.php(142): CWebApplication->runController('assets/lib/boot...')
#1 D:\Sites\home\localhost\www\abiturient\framework\base\CApplication.php(162): CWebApplication->processRequest()
#2 D:\Sites\home\localhost\www\abiturient\index.php(12): CApplication->run()
#3 {main}
REQUEST_URI=/abiturient/assets/lib/bootstrap/less/mixins.less
HTTP_REFERER=http://localhost/abiturient/person/2
---
2013/01/13 05:58:09 [error] [exception.CHttpException.404] exception 'CHttpException' with message 'Неможливо обробити запит "assets/lib/bootstrap/less/mixins.less".' in D:\Sites\home\localhost\www\abiturient\framework\web\CWebApplication.php:287
Stack trace:
#0 D:\Sites\home\localhost\www\abiturient\framework\web\CWebApplication.php(142): CWebApplication->runController('assets/lib/boot...')
#1 D:\Sites\home\localhost\www\abiturient\framework\base\CApplication.php(162): CWebApplication->processRequest()
#2 D:\Sites\home\localhost\www\abiturient\index.php(12): CApplication->run()
#3 {main}
REQUEST_URI=/abiturient/assets/lib/bootstrap/less/mixins.less
HTTP_REFERER=http://localhost/abiturient/person/admin
---
2013/01/13 05:58:11 [error] [exception.CHttpException.404] exception 'CHttpException' with message 'Неможливо обробити запит "assets/lib/bootstrap/less/mixins.less".' in D:\Sites\home\localhost\www\abiturient\framework\web\CWebApplication.php:287
Stack trace:
#0 D:\Sites\home\localhost\www\abiturient\framework\web\CWebApplication.php(142): CWebApplication->runController('assets/lib/boot...')
#1 D:\Sites\home\localhost\www\abiturient\framework\base\CApplication.php(162): CWebApplication->processRequest()
#2 D:\Sites\home\localhost\www\abiturient\index.php(12): CApplication->run()
#3 {main}
REQUEST_URI=/abiturient/assets/lib/bootstrap/less/mixins.less
HTTP_REFERER=http://localhost/abiturient/person/update/2
---
2013/01/13 05:59:42 [error] [exception.CHttpException.404] exception 'CHttpException' with message 'Неможливо обробити запит "assets/lib/bootstrap/less/mixins.less".' in D:\Sites\home\localhost\www\abiturient\framework\web\CWebApplication.php:287
Stack trace:
#0 D:\Sites\home\localhost\www\abiturient\framework\web\CWebApplication.php(142): CWebApplication->runController('assets/lib/boot...')
#1 D:\Sites\home\localhost\www\abiturient\framework\base\CApplication.php(162): CWebApplication->processRequest()
#2 D:\Sites\home\localhost\www\abiturient\index.php(12): CApplication->run()
#3 {main}
REQUEST_URI=/abiturient/assets/lib/bootstrap/less/mixins.less
HTTP_REFERER=http://localhost/abiturient/person/2
---
2013/01/13 05:59:47 [error] [exception.CHttpException.404] exception 'CHttpException' with message 'Неможливо обробити запит "assets/lib/bootstrap/less/mixins.less".' in D:\Sites\home\localhost\www\abiturient\framework\web\CWebApplication.php:287
Stack trace:
#0 D:\Sites\home\localhost\www\abiturient\framework\web\CWebApplication.php(142): CWebApplication->runController('assets/lib/boot...')
#1 D:\Sites\home\localhost\www\abiturient\framework\base\CApplication.php(162): CWebApplication->processRequest()
#2 D:\Sites\home\localhost\www\abiturient\index.php(12): CApplication->run()
#3 {main}
REQUEST_URI=/abiturient/assets/lib/bootstrap/less/mixins.less
HTTP_REFERER=http://localhost/abiturient/person/admin
---
2013/01/13 05:59:49 [error] [exception.CHttpException.404] exception 'CHttpException' with message 'Неможливо обробити запит "assets/lib/bootstrap/less/mixins.less".' in D:\Sites\home\localhost\www\abiturient\framework\web\CWebApplication.php:287
Stack trace:
#0 D:\Sites\home\localhost\www\abiturient\framework\web\CWebApplication.php(142): CWebApplication->runController('assets/lib/boot...')
#1 D:\Sites\home\localhost\www\abiturient\framework\base\CApplication.php(162): CWebApplication->processRequest()
#2 D:\Sites\home\localhost\www\abiturient\index.php(12): CApplication->run()
#3 {main}
REQUEST_URI=/abiturient/assets/lib/bootstrap/less/mixins.less
HTTP_REFERER=http://localhost/abiturient/person/update/2
---
2013/01/13 05:59:56 [error] [exception.CHttpException.404] exception 'CHttpException' with message 'Неможливо обробити запит "assets/lib/bootstrap/less/mixins.less".' in D:\Sites\home\localhost\www\abiturient\framework\web\CWebApplication.php:287
Stack trace:
#0 D:\Sites\home\localhost\www\abiturient\framework\web\CWebApplication.php(142): CWebApplication->runController('assets/lib/boot...')
#1 D:\Sites\home\localhost\www\abiturient\framework\base\CApplication.php(162): CWebApplication->processRequest()
#2 D:\Sites\home\localhost\www\abiturient\index.php(12): CApplication->run()
#3 {main}
REQUEST_URI=/abiturient/assets/lib/bootstrap/less/mixins.less
HTTP_REFERER=http://localhost/abiturient/person/2
---
2013/01/13 05:59:58 [error] [exception.CHttpException.404] exception 'CHttpException' with message 'Неможливо обробити запит "assets/lib/bootstrap/less/mixins.less".' in D:\Sites\home\localhost\www\abiturient\framework\web\CWebApplication.php:287
Stack trace:
#0 D:\Sites\home\localhost\www\abiturient\framework\web\CWebApplication.php(142): CWebApplication->runController('assets/lib/boot...')
#1 D:\Sites\home\localhost\www\abiturient\framework\base\CApplication.php(162): CWebApplication->processRequest()
#2 D:\Sites\home\localhost\www\abiturient\index.php(12): CApplication->run()
#3 {main}
REQUEST_URI=/abiturient/assets/lib/bootstrap/less/mixins.less
HTTP_REFERER=http://localhost/abiturient/person/admin
---
2013/01/13 06:00:00 [error] [exception.CHttpException.404] exception 'CHttpException' with message 'Неможливо обробити запит "assets/lib/bootstrap/less/mixins.less".' in D:\Sites\home\localhost\www\abiturient\framework\web\CWebApplication.php:287
Stack trace:
#0 D:\Sites\home\localhost\www\abiturient\framework\web\CWebApplication.php(142): CWebApplication->runController('assets/lib/boot...')
#1 D:\Sites\home\localhost\www\abiturient\framework\base\CApplication.php(162): CWebApplication->processRequest()
#2 D:\Sites\home\localhost\www\abiturient\index.php(12): CApplication->run()
#3 {main}
REQUEST_URI=/abiturient/assets/lib/bootstrap/less/mixins.less
HTTP_REFERER=http://localhost/abiturient/person/update/2
---
